acom -work booth_multiplication -2002  $DSN/src/porti.vhd $DSN/src/circuit_paritate.vhd $DSN/src/circuit_paritate_secvential.vhd $DSN/src/test.vhd $DSN/src/shift.vhd $DSN/src/shift_test.vhd
# Compile...
# File: c:\Users\Cosmin\Projects\booth\booth_multiplication\src\porti.vhd
# Compile Entity "poarta_xor"
# Compile Architecture "behave" of Entity "poarta_xor"
# Compile Entity "inversor"
# Compile Architecture "behave" of Entity "inversor"
# File: c:\Users\Cosmin\Projects\booth\booth_multiplication\src\circuit_paritate.vhd
# Compile Entity "circ_paritate"
# Compile Architecture "struct" of Entity "circ_paritate"
# Warning: ELAB1_0026: circuit_paritate.vhd : (21, 0): There is no default binding for component "xor_gate".(No entity named "xor_gate" was found).
# Warning: ELAB1_0026: circuit_paritate.vhd : (24, 0): There is no default binding for component "inv_gate".(No entity named "inv_gate" was found).
# Compile Configuration "cfg_circ_paritate"
# Compile Architecture "comport_concurent1" of Entity "circ_paritate"
# Compile Architecture "comport_concurent2" of Entity "circ_paritate"
# File: c:\Users\Cosmin\Projects\booth\booth_multiplication\src\circuit_paritate_secvential.vhd
# Compile Architecture "comport_secvential" of Entity "circ_paritate"
# File: c:\Users\Cosmin\Projects\booth\booth_multiplication\src\test.vhd
# Compile Entity "test"
# Compile Architecture "test" of Entity "test"
# Compile Configuration "cfg_test"
# File: c:\Users\Cosmin\Projects\booth\booth_multiplication\src\shift.vhd
# Compile Entity "shift_register"
# Compile Architecture "schift_register_arch" of Entity "shift_register"
# File: c:\Users\Cosmin\Projects\booth\booth_multiplication\src\shift_test.vhd
# Compile Entity "clk_gen"
# Compile Architecture "behave_clk_gen" of Entity "clk_gen"
# Compile Entity "shift_test"
# Compile Architecture "shift_test_arch" of Entity "shift_test"
# Error: COMP96_0078: shift_test.vhd : (27, 18): Unknown identifier "std_logic_vector".
# Error: COMP96_0064: shift_test.vhd : (27, 18): Unknown type.
# Error: COMP96_0078: shift_test.vhd : (28, 19): Unknown identifier "std_logic_VECTOR".
# Error: COMP96_0064: shift_test.vhd : (28, 19): Unknown type.
# Error: COMP96_0078: shift_test.vhd : (29, 39): Unknown identifier "std_logic".
# Error: COMP96_0064: shift_test.vhd : (29, 39): Unknown type.
# Error: COMP96_0078: shift_test.vhd : (30, 17): Unknown identifier "std_logic".
# Error: COMP96_0064: shift_test.vhd : (30, 17): Unknown type.
# Error: COMP96_0078: shift_test.vhd : (35, 18): Unknown identifier "std_logic".
# Error: COMP96_0064: shift_test.vhd : (35, 18): Unknown type.
# Error: COMP96_0078: shift_test.vhd : (35, 46): Unknown identifier "std_logic".
# Error: COMP96_0064: shift_test.vhd : (35, 46): Unknown type.
# Error: COMP96_0078: shift_test.vhd : (38, 16): Unknown identifier "std_logic".
# Error: COMP96_0064: shift_test.vhd : (38, 16): Unknown type.
# Error: COMP96_0078: shift_test.vhd : (39, 16): Unknown identifier "std_logic_vector".
# Error: COMP96_0064: shift_test.vhd : (39, 16): Unknown type.
# Error: COMP96_0078: shift_test.vhd : (40, 15): Unknown identifier "std_logic_vector".
# Error: COMP96_0064: shift_test.vhd : (40, 15): Unknown type.
# Error: COMP96_0078: shift_test.vhd : (41, 16): Unknown identifier "std_logic".
# Error: COMP96_0064: shift_test.vhd : (41, 16): Unknown type.
# Error: COMP96_0078: shift_test.vhd : (43, 15): Unknown identifier "std_logic".
# Error: COMP96_0064: shift_test.vhd : (43, 15): Unknown type.
# Error: COMP96_0078: shift_test.vhd : (44, 16): Unknown identifier "std_logic".
# Error: COMP96_0064: shift_test.vhd : (44, 16): Unknown type.
# Error: COMP96_0078: shift_test.vhd : (45, 16): Unknown identifier "std_logic".
# Error: COMP96_0064: shift_test.vhd : (45, 16): Unknown type.
# Error: COMP96_0078: shift_test.vhd : (46, 15): Unknown identifier "std_logic".
# Error: COMP96_0064: shift_test.vhd : (46, 15): Unknown type.
# Error: COMP96_0333: shift_test.vhd : (48, 23): Formal must be locally static name.
# Error: COMP96_0333: shift_test.vhd : (49, 33): Formal must be locally static name.
# Error: COMP96_0333: shift_test.vhd : (49, 47): Formal must be locally static name.
# Error: COMP96_0333: shift_test.vhd : (49, 63): Formal must be locally static name.
# Error: COMP96_0333: shift_test.vhd : (49, 79): Formal must be locally static name.
# Error: COMP96_0333: shift_test.vhd : (49, 95): Formal must be locally static name.
# Error: COMP96_0333: shift_test.vhd : (49, 111): Formal must be locally static name.
# Error: COMP96_0333: shift_test.vhd : (49, 125): Formal must be locally static name.
# Error: COMP96_0150: shift_test.vhd : (50, 10): Signal name on sensitivity list is not static.
# Error: COMP96_0104: shift_test.vhd : (52, 6): Undefined type of expression.
# Error: COMP96_0098: shift_test.vhd : (52, 6): Boolean type expected.
# Error: COMP96_0104: shift_test.vhd : (65, 12): Undefined type of expression.
# Error: COMP96_0098: shift_test.vhd : (65, 12): Boolean type expected.
# Error: COMP96_0104: shift_test.vhd : (74, 12): Undefined type of expression.
# Error: COMP96_0098: shift_test.vhd : (74, 12): Boolean type expected.
# Error: COMP96_0104: shift_test.vhd : (86, 12): Undefined type of expression.
# Error: COMP96_0098: shift_test.vhd : (86, 12): Boolean type expected.
# Error: COMP96_0104: shift_test.vhd : (99, 12): Undefined type of expression.
# Error: COMP96_0098: shift_test.vhd : (99, 12): Boolean type expected.
# Error: COMP96_0104: shift_test.vhd : (112, 12): Undefined type of expression.
# Error: COMP96_0098: shift_test.vhd : (112, 12): Boolean type expected.
# Compile failure 49 Errors 2 Warnings  Analysis time :  0.3 [s]
acom -work booth_multiplication -2002  $DSN/src/porti.vhd $DSN/src/circuit_paritate.vhd $DSN/src/circuit_paritate_secvential.vhd $DSN/src/test.vhd $DSN/src/shift.vhd $DSN/src/shift_test.vhd
# Compile...
# File: c:\Users\Cosmin\Projects\booth\booth_multiplication\src\porti.vhd
# Compile Entity "poarta_xor"
# Compile Architecture "behave" of Entity "poarta_xor"
# Compile Entity "inversor"
# Compile Architecture "behave" of Entity "inversor"
# File: c:\Users\Cosmin\Projects\booth\booth_multiplication\src\circuit_paritate.vhd
# Compile Entity "circ_paritate"
# Compile Architecture "struct" of Entity "circ_paritate"
# Warning: ELAB1_0026: circuit_paritate.vhd : (21, 0): There is no default binding for component "xor_gate".(No entity named "xor_gate" was found).
# Warning: ELAB1_0026: circuit_paritate.vhd : (24, 0): There is no default binding for component "inv_gate".(No entity named "inv_gate" was found).
# Compile Configuration "cfg_circ_paritate"
# Compile Architecture "comport_concurent1" of Entity "circ_paritate"
# Compile Architecture "comport_concurent2" of Entity "circ_paritate"
# File: c:\Users\Cosmin\Projects\booth\booth_multiplication\src\circuit_paritate_secvential.vhd
# Compile Architecture "comport_secvential" of Entity "circ_paritate"
# File: c:\Users\Cosmin\Projects\booth\booth_multiplication\src\test.vhd
# Compile Entity "test"
# Compile Architecture "test" of Entity "test"
# Compile Configuration "cfg_test"
# File: c:\Users\Cosmin\Projects\booth\booth_multiplication\src\shift.vhd
# Compile Entity "shift_register"
# Compile Architecture "schift_register_arch" of Entity "shift_register"
# File: c:\Users\Cosmin\Projects\booth\booth_multiplication\src\shift_test.vhd
# Compile Entity "clk_gen"
# Compile Architecture "behave_clk_gen" of Entity "clk_gen"
# Compile Entity "shift_test"
# Compile Architecture "shift_test_arch" of Entity "shift_test"
# Error: COMP96_0078: shift_test.vhd : (27, 18): Unknown identifier "std_logic_vector".
# Error: COMP96_0064: shift_test.vhd : (27, 18): Unknown type.
# Error: COMP96_0078: shift_test.vhd : (28, 19): Unknown identifier "std_logic_vector".
# Error: COMP96_0064: shift_test.vhd : (28, 19): Unknown type.
# Error: COMP96_0078: shift_test.vhd : (29, 39): Unknown identifier "std_logic".
# Error: COMP96_0064: shift_test.vhd : (29, 39): Unknown type.
# Error: COMP96_0078: shift_test.vhd : (30, 17): Unknown identifier "std_logic".
# Error: COMP96_0064: shift_test.vhd : (30, 17): Unknown type.
# Error: COMP96_0078: shift_test.vhd : (35, 18): Unknown identifier "std_logic".
# Error: COMP96_0064: shift_test.vhd : (35, 18): Unknown type.
# Error: COMP96_0078: shift_test.vhd : (35, 46): Unknown identifier "std_logic".
# Error: COMP96_0064: shift_test.vhd : (35, 46): Unknown type.
# Error: COMP96_0078: shift_test.vhd : (38, 16): Unknown identifier "std_logic".
# Error: COMP96_0064: shift_test.vhd : (38, 16): Unknown type.
# Error: COMP96_0078: shift_test.vhd : (39, 16): Unknown identifier "std_logic_vector".
# Error: COMP96_0064: shift_test.vhd : (39, 16): Unknown type.
# Error: COMP96_0078: shift_test.vhd : (40, 15): Unknown identifier "std_logic_vector".
# Error: COMP96_0064: shift_test.vhd : (40, 15): Unknown type.
# Error: COMP96_0078: shift_test.vhd : (41, 16): Unknown identifier "std_logic".
# Error: COMP96_0064: shift_test.vhd : (41, 16): Unknown type.
# Error: COMP96_0078: shift_test.vhd : (43, 15): Unknown identifier "std_logic".
# Error: COMP96_0064: shift_test.vhd : (43, 15): Unknown type.
# Error: COMP96_0078: shift_test.vhd : (44, 16): Unknown identifier "std_logic".
# Error: COMP96_0064: shift_test.vhd : (44, 16): Unknown type.
# Error: COMP96_0078: shift_test.vhd : (45, 16): Unknown identifier "std_logic".
# Error: COMP96_0064: shift_test.vhd : (45, 16): Unknown type.
# Error: COMP96_0078: shift_test.vhd : (46, 15): Unknown identifier "std_logic".
# Error: COMP96_0064: shift_test.vhd : (46, 15): Unknown type.
# Error: COMP96_0333: shift_test.vhd : (48, 23): Formal must be locally static name.
# Error: COMP96_0333: shift_test.vhd : (49, 33): Formal must be locally static name.
# Error: COMP96_0333: shift_test.vhd : (49, 47): Formal must be locally static name.
# Error: COMP96_0333: shift_test.vhd : (49, 63): Formal must be locally static name.
# Error: COMP96_0333: shift_test.vhd : (49, 79): Formal must be locally static name.
# Error: COMP96_0333: shift_test.vhd : (49, 95): Formal must be locally static name.
# Error: COMP96_0333: shift_test.vhd : (49, 111): Formal must be locally static name.
# Error: COMP96_0333: shift_test.vhd : (49, 125): Formal must be locally static name.
# Error: COMP96_0150: shift_test.vhd : (50, 10): Signal name on sensitivity list is not static.
# Error: COMP96_0104: shift_test.vhd : (52, 6): Undefined type of expression.
# Error: COMP96_0098: shift_test.vhd : (52, 6): Boolean type expected.
# Error: COMP96_0104: shift_test.vhd : (65, 12): Undefined type of expression.
# Error: COMP96_0098: shift_test.vhd : (65, 12): Boolean type expected.
# Error: COMP96_0104: shift_test.vhd : (74, 12): Undefined type of expression.
# Error: COMP96_0098: shift_test.vhd : (74, 12): Boolean type expected.
# Error: COMP96_0104: shift_test.vhd : (86, 12): Undefined type of expression.
# Error: COMP96_0098: shift_test.vhd : (86, 12): Boolean type expected.
# Error: COMP96_0104: shift_test.vhd : (99, 12): Undefined type of expression.
# Error: COMP96_0098: shift_test.vhd : (99, 12): Boolean type expected.
# Error: COMP96_0104: shift_test.vhd : (112, 12): Undefined type of expression.
# Error: COMP96_0098: shift_test.vhd : (112, 12): Boolean type expected.
# Compile failure 49 Errors 2 Warnings  Analysis time :  0.3 [s]
acom -work booth_multiplication -2002  $DSN/src/porti.vhd $DSN/src/circuit_paritate.vhd $DSN/src/circuit_paritate_secvential.vhd $DSN/src/test.vhd $DSN/src/shift.vhd $DSN/src/shift_test.vhd
# Compile...
# File: c:\Users\Cosmin\Projects\booth\booth_multiplication\src\porti.vhd
# Compile Entity "poarta_xor"
# Compile Architecture "behave" of Entity "poarta_xor"
# Compile Entity "inversor"
# Compile Architecture "behave" of Entity "inversor"
# File: c:\Users\Cosmin\Projects\booth\booth_multiplication\src\circuit_paritate.vhd
# Compile Entity "circ_paritate"
# Compile Architecture "struct" of Entity "circ_paritate"
# Warning: ELAB1_0026: circuit_paritate.vhd : (21, 0): There is no default binding for component "xor_gate".(No entity named "xor_gate" was found).
# Warning: ELAB1_0026: circuit_paritate.vhd : (24, 0): There is no default binding for component "inv_gate".(No entity named "inv_gate" was found).
# Compile Configuration "cfg_circ_paritate"
# Compile Architecture "comport_concurent1" of Entity "circ_paritate"
# Compile Architecture "comport_concurent2" of Entity "circ_paritate"
# File: c:\Users\Cosmin\Projects\booth\booth_multiplication\src\circuit_paritate_secvential.vhd
# Compile Architecture "comport_secvential" of Entity "circ_paritate"
# File: c:\Users\Cosmin\Projects\booth\booth_multiplication\src\test.vhd
# Compile Entity "test"
# Compile Architecture "test" of Entity "test"
# Compile Configuration "cfg_test"
# File: c:\Users\Cosmin\Projects\booth\booth_multiplication\src\shift.vhd
# Compile Entity "shift_register"
# Compile Architecture "schift_register_arch" of Entity "shift_register"
# File: c:\Users\Cosmin\Projects\booth\booth_multiplication\src\shift_test.vhd
# Compile Entity "clk_gen"
# Compile Architecture "behave_clk_gen" of Entity "clk_gen"
# Compile Entity "shift_test"
# Compile Architecture "shift_test_arch" of Entity "shift_test"
# Error: COMP96_0078: shift_test.vhd : (27, 18): Unknown identifier "std_logic_vector".
# Error: COMP96_0064: shift_test.vhd : (27, 18): Unknown type.
# Error: COMP96_0078: shift_test.vhd : (28, 19): Unknown identifier "std_logic_vector".
# Error: COMP96_0064: shift_test.vhd : (28, 19): Unknown type.
# Error: COMP96_0078: shift_test.vhd : (29, 39): Unknown identifier "std_logic".
# Error: COMP96_0064: shift_test.vhd : (29, 39): Unknown type.
# Error: COMP96_0078: shift_test.vhd : (30, 17): Unknown identifier "std_logic".
# Error: COMP96_0064: shift_test.vhd : (30, 17): Unknown type.
# Error: COMP96_0078: shift_test.vhd : (35, 18): Unknown identifier "std_logic".
# Error: COMP96_0064: shift_test.vhd : (35, 18): Unknown type.
# Error: COMP96_0078: shift_test.vhd : (35, 46): Unknown identifier "std_logic".
# Error: COMP96_0064: shift_test.vhd : (35, 46): Unknown type.
# Error: COMP96_0078: shift_test.vhd : (38, 16): Unknown identifier "std_logic".
# Error: COMP96_0064: shift_test.vhd : (38, 16): Unknown type.
# Error: COMP96_0078: shift_test.vhd : (39, 16): Unknown identifier "std_logic_vector".
# Error: COMP96_0064: shift_test.vhd : (39, 16): Unknown type.
# Error: COMP96_0078: shift_test.vhd : (40, 15): Unknown identifier "std_logic_vector".
# Error: COMP96_0064: shift_test.vhd : (40, 15): Unknown type.
# Error: COMP96_0078: shift_test.vhd : (41, 16): Unknown identifier "std_logic".
# Error: COMP96_0064: shift_test.vhd : (41, 16): Unknown type.
# Error: COMP96_0078: shift_test.vhd : (43, 15): Unknown identifier "std_logic".
# Error: COMP96_0064: shift_test.vhd : (43, 15): Unknown type.
# Error: COMP96_0078: shift_test.vhd : (44, 16): Unknown identifier "std_logic".
# Error: COMP96_0064: shift_test.vhd : (44, 16): Unknown type.
# Error: COMP96_0078: shift_test.vhd : (45, 16): Unknown identifier "std_logic".
# Error: COMP96_0064: shift_test.vhd : (45, 16): Unknown type.
# Error: COMP96_0078: shift_test.vhd : (46, 15): Unknown identifier "std_logic".
# Error: COMP96_0064: shift_test.vhd : (46, 15): Unknown type.
# Error: COMP96_0333: shift_test.vhd : (48, 23): Formal must be locally static name.
# Error: COMP96_0333: shift_test.vhd : (49, 33): Formal must be locally static name.
# Error: COMP96_0333: shift_test.vhd : (49, 47): Formal must be locally static name.
# Error: COMP96_0333: shift_test.vhd : (49, 63): Formal must be locally static name.
# Error: COMP96_0333: shift_test.vhd : (49, 79): Formal must be locally static name.
# Error: COMP96_0333: shift_test.vhd : (49, 95): Formal must be locally static name.
# Error: COMP96_0333: shift_test.vhd : (49, 111): Formal must be locally static name.
# Error: COMP96_0333: shift_test.vhd : (49, 125): Formal must be locally static name.
# Error: COMP96_0150: shift_test.vhd : (50, 10): Signal name on sensitivity list is not static.
# Error: COMP96_0104: shift_test.vhd : (52, 6): Undefined type of expression.
# Error: COMP96_0098: shift_test.vhd : (52, 6): Boolean type expected.
# Error: COMP96_0104: shift_test.vhd : (65, 12): Undefined type of expression.
# Error: COMP96_0098: shift_test.vhd : (65, 12): Boolean type expected.
# Error: COMP96_0104: shift_test.vhd : (74, 12): Undefined type of expression.
# Error: COMP96_0098: shift_test.vhd : (74, 12): Boolean type expected.
# Error: COMP96_0104: shift_test.vhd : (86, 12): Undefined type of expression.
# Error: COMP96_0098: shift_test.vhd : (86, 12): Boolean type expected.
# Error: COMP96_0104: shift_test.vhd : (99, 12): Undefined type of expression.
# Error: COMP96_0098: shift_test.vhd : (99, 12): Boolean type expected.
# Error: COMP96_0104: shift_test.vhd : (112, 12): Undefined type of expression.
# Error: COMP96_0098: shift_test.vhd : (112, 12): Boolean type expected.
# Compile failure 49 Errors 2 Warnings  Analysis time :  0.3 [s]
acom -work booth_multiplication -2002  $DSN/src/porti.vhd $DSN/src/circuit_paritate.vhd $DSN/src/circuit_paritate_secvential.vhd $DSN/src/test.vhd $DSN/src/shift.vhd $DSN/src/shift_test.vhd
# Compile...
# File: c:\Users\Cosmin\Projects\booth\booth_multiplication\src\porti.vhd
# Compile Entity "poarta_xor"
# Compile Architecture "behave" of Entity "poarta_xor"
# Compile Entity "inversor"
# Compile Architecture "behave" of Entity "inversor"
# File: c:\Users\Cosmin\Projects\booth\booth_multiplication\src\circuit_paritate.vhd
# Compile Entity "circ_paritate"
# Compile Architecture "struct" of Entity "circ_paritate"
# Warning: ELAB1_0026: circuit_paritate.vhd : (21, 0): There is no default binding for component "xor_gate".(No entity named "xor_gate" was found).
# Warning: ELAB1_0026: circuit_paritate.vhd : (24, 0): There is no default binding for component "inv_gate".(No entity named "inv_gate" was found).
# Compile Configuration "cfg_circ_paritate"
# Compile Architecture "comport_concurent1" of Entity "circ_paritate"
# Compile Architecture "comport_concurent2" of Entity "circ_paritate"
# File: c:\Users\Cosmin\Projects\booth\booth_multiplication\src\circuit_paritate_secvential.vhd
# Compile Architecture "comport_secvential" of Entity "circ_paritate"
# File: c:\Users\Cosmin\Projects\booth\booth_multiplication\src\test.vhd
# Compile Entity "test"
# Compile Architecture "test" of Entity "test"
# Compile Configuration "cfg_test"
# File: c:\Users\Cosmin\Projects\booth\booth_multiplication\src\shift.vhd
# Compile Entity "shift_register"
# Compile Architecture "schift_register_arch" of Entity "shift_register"
# File: c:\Users\Cosmin\Projects\booth\booth_multiplication\src\shift_test.vhd
# Compile Entity "clk_gen"
# Compile Architecture "behave_clk_gen" of Entity "clk_gen"
# Compile Entity "shift_test"
# Compile Architecture "shift_test_arch" of Entity "shift_test"
# Error: COMP96_0078: shift_test.vhd : (27, 18): Unknown identifier "std_logic_vector".
# Error: COMP96_0064: shift_test.vhd : (27, 18): Unknown type.
# Error: COMP96_0078: shift_test.vhd : (29, 19): Unknown identifier "std_logic_vector".
# Error: COMP96_0064: shift_test.vhd : (29, 19): Unknown type.
# Error: COMP96_0078: shift_test.vhd : (30, 39): Unknown identifier "std_logic".
# Error: COMP96_0064: shift_test.vhd : (30, 39): Unknown type.
# Error: COMP96_0078: shift_test.vhd : (31, 17): Unknown identifier "std_logic".
# Error: COMP96_0064: shift_test.vhd : (31, 17): Unknown type.
# Error: COMP96_0078: shift_test.vhd : (36, 18): Unknown identifier "std_logic".
# Error: COMP96_0064: shift_test.vhd : (36, 18): Unknown type.
# Error: COMP96_0078: shift_test.vhd : (36, 46): Unknown identifier "std_logic".
# Error: COMP96_0064: shift_test.vhd : (36, 46): Unknown type.
# Error: COMP96_0078: shift_test.vhd : (39, 16): Unknown identifier "std_logic".
# Error: COMP96_0064: shift_test.vhd : (39, 16): Unknown type.
# Error: COMP96_0078: shift_test.vhd : (40, 16): Unknown identifier "std_logic_vector".
# Error: COMP96_0064: shift_test.vhd : (40, 16): Unknown type.
# Error: COMP96_0078: shift_test.vhd : (41, 15): Unknown identifier "std_logic_vector".
# Error: COMP96_0064: shift_test.vhd : (41, 15): Unknown type.
# Error: COMP96_0078: shift_test.vhd : (42, 16): Unknown identifier "std_logic".
# Error: COMP96_0064: shift_test.vhd : (42, 16): Unknown type.
# Error: COMP96_0078: shift_test.vhd : (44, 15): Unknown identifier "std_logic".
# Error: COMP96_0064: shift_test.vhd : (44, 15): Unknown type.
# Error: COMP96_0078: shift_test.vhd : (45, 16): Unknown identifier "std_logic".
# Error: COMP96_0064: shift_test.vhd : (45, 16): Unknown type.
# Error: COMP96_0078: shift_test.vhd : (46, 16): Unknown identifier "std_logic".
# Error: COMP96_0064: shift_test.vhd : (46, 16): Unknown type.
# Error: COMP96_0078: shift_test.vhd : (47, 15): Unknown identifier "std_logic".
# Error: COMP96_0064: shift_test.vhd : (47, 15): Unknown type.
# Error: COMP96_0333: shift_test.vhd : (49, 23): Formal must be locally static name.
# Error: COMP96_0333: shift_test.vhd : (50, 33): Formal must be locally static name.
# Error: COMP96_0333: shift_test.vhd : (50, 47): Formal must be locally static name.
# Error: COMP96_0333: shift_test.vhd : (50, 63): Formal must be locally static name.
# Error: COMP96_0333: shift_test.vhd : (50, 79): Formal must be locally static name.
# Error: COMP96_0333: shift_test.vhd : (50, 95): Formal must be locally static name.
# Error: COMP96_0333: shift_test.vhd : (50, 111): Formal must be locally static name.
# Error: COMP96_0333: shift_test.vhd : (50, 125): Formal must be locally static name.
# Error: COMP96_0150: shift_test.vhd : (51, 10): Signal name on sensitivity list is not static.
# Error: COMP96_0104: shift_test.vhd : (53, 6): Undefined type of expression.
# Error: COMP96_0098: shift_test.vhd : (53, 6): Boolean type expected.
# Error: COMP96_0104: shift_test.vhd : (66, 12): Undefined type of expression.
# Error: COMP96_0098: shift_test.vhd : (66, 12): Boolean type expected.
# Error: COMP96_0104: shift_test.vhd : (75, 12): Undefined type of expression.
# Error: COMP96_0098: shift_test.vhd : (75, 12): Boolean type expected.
# Error: COMP96_0104: shift_test.vhd : (87, 12): Undefined type of expression.
# Error: COMP96_0098: shift_test.vhd : (87, 12): Boolean type expected.
# Error: COMP96_0104: shift_test.vhd : (100, 12): Undefined type of expression.
# Error: COMP96_0098: shift_test.vhd : (100, 12): Boolean type expected.
# Error: COMP96_0104: shift_test.vhd : (113, 12): Undefined type of expression.
# Error: COMP96_0098: shift_test.vhd : (113, 12): Boolean type expected.
# Compile failure 49 Errors 2 Warnings  Analysis time :  0.5 [s]
acom -work booth_multiplication -2002  $DSN/src/porti.vhd $DSN/src/circuit_paritate.vhd $DSN/src/circuit_paritate_secvential.vhd $DSN/src/test.vhd $DSN/src/shift.vhd $DSN/src/shift_test.vhd $DSN/src/clk_gen.vhd
# Compile...
# File: c:\Users\Cosmin\Projects\booth\booth_multiplication\src\porti.vhd
# Compile Entity "poarta_xor"
# Compile Architecture "behave" of Entity "poarta_xor"
# Compile Entity "inversor"
# Compile Architecture "behave" of Entity "inversor"
# File: c:\Users\Cosmin\Projects\booth\booth_multiplication\src\circuit_paritate.vhd
# Compile Entity "circ_paritate"
# Compile Architecture "struct" of Entity "circ_paritate"
# Warning: ELAB1_0026: circuit_paritate.vhd : (21, 0): There is no default binding for component "xor_gate".(No entity named "xor_gate" was found).
# Warning: ELAB1_0026: circuit_paritate.vhd : (24, 0): There is no default binding for component "inv_gate".(No entity named "inv_gate" was found).
# Compile Configuration "cfg_circ_paritate"
# Compile Architecture "comport_concurent1" of Entity "circ_paritate"
# Compile Architecture "comport_concurent2" of Entity "circ_paritate"
# File: c:\Users\Cosmin\Projects\booth\booth_multiplication\src\circuit_paritate_secvential.vhd
# Compile Architecture "comport_secvential" of Entity "circ_paritate"
# File: c:\Users\Cosmin\Projects\booth\booth_multiplication\src\test.vhd
# Compile Entity "test"
# Compile Architecture "test" of Entity "test"
# Compile Configuration "cfg_test"
# File: c:\Users\Cosmin\Projects\booth\booth_multiplication\src\shift.vhd
# Compile Entity "shift_register"
# Compile Architecture "schift_register_arch" of Entity "shift_register"
# File: c:\Users\Cosmin\Projects\booth\booth_multiplication\src\shift_test.vhd
# Compile Entity "shift_test"
# Compile Architecture "shift_test_arch" of Entity "shift_test"
# File: c:\Users\Cosmin\Projects\booth\booth_multiplication\src\clk_gen.vhd
# Compile Entity "clk_gen"
# Compile Architecture "behave_clk_gen" of Entity "clk_gen"
# Compile success 0 Errors 2 Warnings  Analysis time :  0.4 [s]
restart
# ELBREAD: Elaboration process.
# ELBREAD: Elaboration time 0.0 [s].
# KERNEL: Main thread initiated.
# KERNEL: Kernel process initialization phase.
# KERNEL: Time resolution set to 1ps.
# ELAB2: Elaboration final pass...
# ELAB2: Create instances ...
# ELAB2: Create instances complete.
# ELAB2: Elaboration final pass complete - time: 0.0 [s].
# KERNEL: Kernel process initialization done.
# Allocation: Simulator allocated 1625 kB (elbread=1023 elab2=330 kernel=270 sdf=0)
# KERNEL: ASDB file was created in location c:\Users\Cosmin\Projects\booth\booth_multiplication\src\wave.asdb
#  04:25, 29 decembrie 2008
#  Simulation has been initialized
#  Selected Top-Level: shift_test (shift_test_arch)
run
# KERNEL: stopped at time: 10 us
# Evaluation Version : 10us simulation time has been reached.  Contact Aldec for ordering information - sales@aldec.com
# Testbench report error:
# Selected entity: shift_register
# Selected architecture: schift_register_arch
# File with stimulators: C:\Users\Cosmin\Projects\booth\booth_multiplication\src\wave.asdb
# Warning: Port 'p_out' has different type in the selected design unit ("STD_LOGIC_VECTOR(3 downto 0)" <> "STD_LOGIC_VECTOR(n-1 downto 0)")
# Warning: Port 'p_in' has different type in the selected design unit ("STD_LOGIC_VECTOR(3 downto 0)" <> "STD_LOGIC_VECTOR(n-1 downto 0)")
# Warning: Port 'reset' has no Test Vector in the selected file
# Warning: Port 's_in' has no Test Vector in the selected file
# 7 signal(s) traced.
# Adding file C:\Users\Cosmin\Projects\booth\booth_multiplication\src\shift_register.asdb ... Done
# Adding file C:\Users\Cosmin\Projects\booth\booth_multiplication\src\shift_register.awc ... Done
# Error: Cannot open file: c:\Users\Cosmin\Projects\booth\booth_multiplication\compile\shift_register.vhs
# Testbench report error:
# Selected entity: shift_register
# Selected architecture: schift_register_arch
# File with stimulators: C:\Users\Cosmin\Projects\booth\booth_multiplication\src\shift_register.asdb
# Warning: Port 'p_in' has no Test Vector in the selected file
# Warning: Port 'reset' has no Test Vector in the selected file
# Warning: Port 'clock' has no Test Vector in the selected file
# Warning: Port 'shift' has no Test Vector in the selected file
# Warning: Port 'load' has no Test Vector in the selected file
# Warning: Port 's_in' has no Test Vector in the selected file
# Warning: No ports found in file
# Error: Cannot open file: c:\Users\Cosmin\Projects\booth\booth_multiplication\compile\shift_register.vhs
# Testbench report error:
# Selected entity: shift_register
# Selected architecture: schift_register_arch
# File with stimulators: C:\Users\Cosmin\Projects\booth\booth_multiplication\src\shift_register.asdb
# Warning: Port 'p_in' has no Test Vector in the selected file
# Warning: Port 'reset' has no Test Vector in the selected file
# Warning: Port 'clock' has no Test Vector in the selected file
# Warning: Port 'shift' has no Test Vector in the selected file
# Warning: Port 'load' has no Test Vector in the selected file
# Warning: Port 's_in' has no Test Vector in the selected file
# Warning: No ports found in file
# Adding file c:\Users\Cosmin\Projects\booth\booth_multiplication\src\wave.asdb ... Done
# Adding file C:\Users\Cosmin\Projects\booth\booth_multiplication\src\shift_register.awc ... Done
# Error: Cannot open file: c:\Users\Cosmin\Projects\booth\booth_multiplication\compile\shift_register.vhs
# Testbench report error:
# Selected entity: shift_register
# Selected architecture: schift_register_arch
# File with stimulators: C:\Users\Cosmin\Projects\booth\booth_multiplication\src\shift_register.asdb
# Warning: Port 'p_in' has no Test Vector in the selected file
# Warning: Port 'reset' has no Test Vector in the selected file
# Warning: Port 'clock' has no Test Vector in the selected file
# Warning: Port 'shift' has no Test Vector in the selected file
# Warning: Port 'load' has no Test Vector in the selected file
# Warning: Port 's_in' has no Test Vector in the selected file
# Warning: No ports found in file
acom -work booth_multiplication -2002  $DSN/src/porti.vhd $DSN/src/circuit_paritate.vhd $DSN/src/circuit_paritate_secvential.vhd $DSN/src/test.vhd $DSN/src/shift.vhd $DSN/src/shift_test.vhd $DSN/src/clk_gen.vhd $DSN/src/testbench/shift_register_tb.vhd $DSN/src/testbench/shift_register_tb_tim_cfg.vhd
# Compile...
# File: c:\Users\Cosmin\Projects\booth\booth_multiplication\src\porti.vhd
# Compile Entity "poarta_xor"
# Compile Architecture "behave" of Entity "poarta_xor"
# Compile Entity "inversor"
# Compile Architecture "behave" of Entity "inversor"
# File: c:\Users\Cosmin\Projects\booth\booth_multiplication\src\circuit_paritate.vhd
# Compile Entity "circ_paritate"
# Compile Architecture "struct" of Entity "circ_paritate"
# Warning: ELAB1_0026: circuit_paritate.vhd : (21, 0): There is no default binding for component "xor_gate".(No entity named "xor_gate" was found).
# Warning: ELAB1_0026: circuit_paritate.vhd : (24, 0): There is no default binding for component "inv_gate".(No entity named "inv_gate" was found).
# Compile Configuration "cfg_circ_paritate"
# Compile Architecture "comport_concurent1" of Entity "circ_paritate"
# Compile Architecture "comport_concurent2" of Entity "circ_paritate"
# File: c:\Users\Cosmin\Projects\booth\booth_multiplication\src\circuit_paritate_secvential.vhd
# Compile Architecture "comport_secvential" of Entity "circ_paritate"
# File: c:\Users\Cosmin\Projects\booth\booth_multiplication\src\test.vhd
# Compile Entity "test"
# Compile Architecture "test" of Entity "test"
# Compile Configuration "cfg_test"
# File: c:\Users\Cosmin\Projects\booth\booth_multiplication\src\shift.vhd
# Compile Entity "shift_register"
# Compile Architecture "schift_register_arch" of Entity "shift_register"
# File: c:\Users\Cosmin\Projects\booth\booth_multiplication\src\shift_test.vhd
# Compile Entity "shift_test"
# Compile Architecture "shift_test_arch" of Entity "shift_test"
# File: c:\Users\Cosmin\Projects\booth\booth_multiplication\src\clk_gen.vhd
# Compile Entity "clk_gen"
# Compile Architecture "behave_clk_gen" of Entity "clk_gen"
# File: c:\Users\Cosmin\Projects\booth\booth_multiplication\src\testbench\shift_register_tb.vhd
# Compile Entity "shift_register_tb"
# Compile Architecture "TB_ARCHITECTURE" of Entity "shift_register_tb"
# Compile Configuration "TESTBENCH_FOR_shift_register"
# File: c:\Users\Cosmin\Projects\booth\booth_multiplication\src\testbench\shift_register_tb_tim_cfg.vhd
# Compile Configuration "TIMING_FOR_shift_register"
# Compile success 0 Errors 2 Warnings  Analysis time :  0.5 [s]
#  Simulation has been stopped
# ELBREAD: Elaboration process.
# ELBREAD: Elaboration time 0.0 [s].
asim -advdataflow  shift_register_tb tb_architecture
# ELBREAD: Elaboration process.
# ELBREAD: Elaboration time 0.0 [s].
# asim: Stack memory: 32MB
# asim: Retval memory: 32MB
# KERNEL: Main thread initiated.
# KERNEL: Kernel process initialization phase.
# KERNEL: Time resolution set to 1ps.
# ELAB2: Elaboration final pass...
# ELAB2: Create instances ...
# ELAB2: Create instances complete.
# ELAB2: Elaboration final pass complete - time: 0.0 [s].
# KERNEL: Kernel process initialization done.
# Allocation: Simulator allocated 1619 kB (elbread=1023 elab2=325 kernel=270 sdf=0)
# KERNEL: ASDB file was created in location c:\Users\Cosmin\Projects\booth\booth_multiplication\src\wave.asdb
#  04:33, 29 decembrie 2008
#  Simulation has been initialized
#  Selected Top-Level: shift_register_tb (tb_architecture)
run
# KERNEL: stopped at time: 10 us
# KERNEL: Simulation has finished. There are no more test vectors to simulate.
# Evaluation Version : 10us simulation time has been reached.  Contact Aldec for ordering information - sales@aldec.com
run
# Evaluation Version : 10us simulation time has been reached.  Contact Aldec for ordering information - sales@aldec.com
run
# Evaluation Version : 10us simulation time has been reached.  Contact Aldec for ordering information - sales@aldec.com
# 1 signal(s) traced.
run
# Evaluation Version : 10us simulation time has been reached.  Contact Aldec for ordering information - sales@aldec.com
run
# Evaluation Version : 10us simulation time has been reached.  Contact Aldec for ordering information - sales@aldec.com
run
# Evaluation Version : 10us simulation time has been reached.  Contact Aldec for ordering information - sales@aldec.com
run
# Evaluation Version : 10us simulation time has been reached.  Contact Aldec for ordering information - sales@aldec.com
endsim
#  Simulation has been stopped
asim -advdataflow  shift_register_tb tb_architecture
# ELBREAD: Elaboration process.
# ELBREAD: Elaboration time 0.0 [s].
# asim: Stack memory: 32MB
# asim: Retval memory: 32MB
# KERNEL: Main thread initiated.
# KERNEL: Kernel process initialization phase.
# KERNEL: Time resolution set to 1ps.
# ELAB2: Elaboration final pass...
# ELAB2: Create instances ...
# ELAB2: Create instances complete.
# ELAB2: Elaboration final pass complete - time: 0.0 [s].
# KERNEL: Kernel process initialization done.
# Allocation: Simulator allocated 1619 kB (elbread=1023 elab2=325 kernel=270 sdf=0)
# KERNEL: ASDB file was created in location c:\Users\Cosmin\Projects\booth\booth_multiplication\src\wave.asdb
#  04:33, 29 decembrie 2008
#  Simulation has been initialized
#  Selected Top-Level: shift_register_tb (tb_architecture)
run
# KERNEL: stopped at time: 10 us
# KERNEL: Simulation has finished. There are no more test vectors to simulate.
# Evaluation Version : 10us simulation time has been reached.  Contact Aldec for ordering information - sales@aldec.com
run 50ns
# Evaluation Version : 10us simulation time has been reached.  Contact Aldec for ordering information - sales@aldec.com
endsim
#  Simulation has been stopped
asim -advdataflow  shift_register_tb tb_architecture
# ELBREAD: Elaboration process.
# ELBREAD: Elaboration time 0.0 [s].
# asim: Stack memory: 32MB
# asim: Retval memory: 32MB
# KERNEL: Main thread initiated.
# KERNEL: Kernel process initialization phase.
# KERNEL: Time resolution set to 1ps.
# ELAB2: Elaboration final pass...
# ELAB2: Create instances ...
# ELAB2: Create instances complete.
# ELAB2: Elaboration final pass complete - time: 0.0 [s].
# KERNEL: Kernel process initialization done.
# Allocation: Simulator allocated 1619 kB (elbread=1023 elab2=325 kernel=270 sdf=0)
# KERNEL: ASDB file was created in location c:\Users\Cosmin\Projects\booth\booth_multiplication\src\wave.asdb
#  04:34, 29 decembrie 2008
#  Simulation has been initialized
#  Selected Top-Level: shift_register_tb (tb_architecture)
run 50ns
# KERNEL: stopped at time: 50 ns
# KERNEL: Simulation has finished. There are no more test vectors to simulate.
acom -work booth_multiplication -2002  $DSN/src/porti.vhd $DSN/src/circuit_paritate.vhd $DSN/src/circuit_paritate_secvential.vhd $DSN/src/test.vhd $DSN/src/shift.vhd $DSN/src/shift_test.vhd $DSN/src/clk_gen.vhd $DSN/src/testbench/shift_register_tb.vhd $DSN/src/testbench/shift_register_tb_tim_cfg.vhd
# Compile...
# File: c:\Users\Cosmin\Projects\booth\booth_multiplication\src\porti.vhd
# Compile Entity "poarta_xor"
# Compile Architecture "behave" of Entity "poarta_xor"
# Compile Entity "inversor"
# Compile Architecture "behave" of Entity "inversor"
# File: c:\Users\Cosmin\Projects\booth\booth_multiplication\src\circuit_paritate.vhd
# Compile Entity "circ_paritate"
# Compile Architecture "struct" of Entity "circ_paritate"
# Warning: ELAB1_0026: circuit_paritate.vhd : (21, 0): There is no default binding for component "xor_gate".(No entity named "xor_gate" was found).
# Warning: ELAB1_0026: circuit_paritate.vhd : (24, 0): There is no default binding for component "inv_gate".(No entity named "inv_gate" was found).
# Compile Configuration "cfg_circ_paritate"
# Compile Architecture "comport_concurent1" of Entity "circ_paritate"
# Compile Architecture "comport_concurent2" of Entity "circ_paritate"
# File: c:\Users\Cosmin\Projects\booth\booth_multiplication\src\circuit_paritate_secvential.vhd
# Compile Architecture "comport_secvential" of Entity "circ_paritate"
# File: c:\Users\Cosmin\Projects\booth\booth_multiplication\src\test.vhd
# Compile Entity "test"
# Compile Architecture "test" of Entity "test"
# Compile Configuration "cfg_test"
# File: c:\Users\Cosmin\Projects\booth\booth_multiplication\src\shift.vhd
# Compile Entity "shift_register"
# Compile Architecture "schift_register_arch" of Entity "shift_register"
# File: c:\Users\Cosmin\Projects\booth\booth_multiplication\src\shift_test.vhd
# Compile Entity "shift_test"
# Compile Architecture "shift_test_arch" of Entity "shift_test"
# File: c:\Users\Cosmin\Projects\booth\booth_multiplication\src\clk_gen.vhd
# Compile Entity "clk_gen"
# Compile Architecture "behave_clk_gen" of Entity "clk_gen"
# File: c:\Users\Cosmin\Projects\booth\booth_multiplication\src\testbench\shift_register_tb.vhd
# Compile Entity "shift_register_tb"
# Compile Architecture "TB_ARCHITECTURE" of Entity "shift_register_tb"
# Compile Configuration "TESTBENCH_FOR_shift_register"
# File: c:\Users\Cosmin\Projects\booth\booth_multiplication\src\testbench\shift_register_tb_tim_cfg.vhd
# Compile Configuration "TIMING_FOR_shift_register"
# Compile success 0 Errors 2 Warnings  Analysis time :  0.5 [s]
acom -work booth_multiplication -2002  $DSN/src/porti.vhd $DSN/src/circuit_paritate.vhd $DSN/src/circuit_paritate_secvential.vhd $DSN/src/test.vhd $DSN/src/shift.vhd $DSN/src/shift_test.vhd $DSN/src/clk_gen.vhd $DSN/src/testbench/shift_register_tb.vhd $DSN/src/testbench/shift_register_tb_tim_cfg.vhd
# Compile...
# File: c:\Users\Cosmin\Projects\booth\booth_multiplication\src\porti.vhd
# Compile Entity "poarta_xor"
# Compile Architecture "behave" of Entity "poarta_xor"
# Compile Entity "inversor"
# Compile Architecture "behave" of Entity "inversor"
# File: c:\Users\Cosmin\Projects\booth\booth_multiplication\src\circuit_paritate.vhd
# Compile Entity "circ_paritate"
# Compile Architecture "struct" of Entity "circ_paritate"
# Warning: ELAB1_0026: circuit_paritate.vhd : (21, 0): There is no default binding for component "xor_gate".(No entity named "xor_gate" was found).
# Warning: ELAB1_0026: circuit_paritate.vhd : (24, 0): There is no default binding for component "inv_gate".(No entity named "inv_gate" was found).
# Compile Configuration "cfg_circ_paritate"
# Compile Architecture "comport_concurent1" of Entity "circ_paritate"
# Compile Architecture "comport_concurent2" of Entity "circ_paritate"
# File: c:\Users\Cosmin\Projects\booth\booth_multiplication\src\circuit_paritate_secvential.vhd
# Compile Architecture "comport_secvential" of Entity "circ_paritate"
# File: c:\Users\Cosmin\Projects\booth\booth_multiplication\src\test.vhd
# Compile Entity "test"
# Compile Architecture "test" of Entity "test"
# Compile Configuration "cfg_test"
# File: c:\Users\Cosmin\Projects\booth\booth_multiplication\src\shift.vhd
# Compile Entity "shift_register"
# Compile Architecture "schift_register_arch" of Entity "shift_register"
# File: c:\Users\Cosmin\Projects\booth\booth_multiplication\src\shift_test.vhd
# Compile Entity "shift_test"
# Compile Architecture "shift_test_arch" of Entity "shift_test"
# File: c:\Users\Cosmin\Projects\booth\booth_multiplication\src\clk_gen.vhd
# Compile Entity "clk_gen"
# Compile Architecture "behave_clk_gen" of Entity "clk_gen"
# File: c:\Users\Cosmin\Projects\booth\booth_multiplication\src\testbench\shift_register_tb.vhd
# Compile Entity "shift_register_tb"
# Compile Architecture "TB_ARCHITECTURE" of Entity "shift_register_tb"
# Error: COMP96_0078: shift_register_tb.vhd : (77, 7): Unknown identifier "step_no".
# Error: COMP96_0133: shift_register_tb.vhd : (77, 7): Cannot find object declaration.
# Error: COMP96_0104: shift_register_tb.vhd : (77, 7): Undefined type of expression.
# Error: COMP96_0098: shift_register_tb.vhd : (77, 7): Boolean type expected.
# Error: COMP96_0078: shift_register_tb.vhd : (81, 7): Unknown identifier "step_no".
# Error: COMP96_0078: shift_register_tb.vhd : (81, 22): Unknown identifier "step_no".
# Error: COMP96_0133: shift_register_tb.vhd : (81, 22): Cannot find object declaration.
# Error: COMP96_0133: shift_register_tb.vhd : (81, 7): Cannot find object declaration.
# Error: COMP96_0104: shift_register_tb.vhd : (81, 7): Undefined type of expression.
# Error: COMP96_0098: shift_register_tb.vhd : (81, 7): Boolean type expected.
# Error: COMP96_0078: shift_register_tb.vhd : (87, 7): Unknown identifier "step_no".
# Error: COMP96_0133: shift_register_tb.vhd : (87, 7): Cannot find object declaration.
# Error: COMP96_0104: shift_register_tb.vhd : (87, 7): Undefined type of expression.
# Error: COMP96_0098: shift_register_tb.vhd : (87, 7): Boolean type expected.
# Error: COMP96_0078: shift_register_tb.vhd : (90, 7): Unknown identifier "step_no".
# Error: COMP96_0078: shift_register_tb.vhd : (90, 23): Unknown identifier "step_no".
# Error: COMP96_0133: shift_register_tb.vhd : (90, 23): Cannot find object declaration.
# Error: COMP96_0133: shift_register_tb.vhd : (90, 7): Cannot find object declaration.
# Error: COMP96_0104: shift_register_tb.vhd : (90, 7): Undefined type of expression.
# Error: COMP96_0098: shift_register_tb.vhd : (90, 7): Boolean type expected.
# Error: COMP96_0078: shift_register_tb.vhd : (95, 7): Unknown identifier "step_no".
# Error: COMP96_0133: shift_register_tb.vhd : (95, 7): Cannot find object declaration.
# Error: COMP96_0104: shift_register_tb.vhd : (95, 7): Undefined type of expression.
# Error: COMP96_0098: shift_register_tb.vhd : (95, 7): Boolean type expected.
# Error: COMP96_0078: shift_register_tb.vhd : (99, 7): Unknown identifier "step_no".
# Error: COMP96_0133: shift_register_tb.vhd : (99, 7): Cannot find object declaration.
# Error: COMP96_0104: shift_register_tb.vhd : (99, 7): Undefined type of expression.
# Error: COMP96_0098: shift_register_tb.vhd : (99, 7): Boolean type expected.
# Error: COMP96_0078: shift_register_tb.vhd : (102, 7): Unknown identifier "step_no".
# Error: COMP96_0133: shift_register_tb.vhd : (102, 7): Cannot find object declaration.
# Error: COMP96_0104: shift_register_tb.vhd : (102, 7): Undefined type of expression.
# Error: COMP96_0098: shift_register_tb.vhd : (102, 7): Boolean type expected.
# Error: COMP96_0078: shift_register_tb.vhd : (107, 7): Unknown identifier "step_no".
# Error: COMP96_0133: shift_register_tb.vhd : (107, 7): Cannot find object declaration.
# Error: COMP96_0104: shift_register_tb.vhd : (107, 7): Undefined type of expression.
# Error: COMP96_0098: shift_register_tb.vhd : (107, 7): Boolean type expected.
# Error: COMP96_0078: shift_register_tb.vhd : (111, 7): Unknown identifier "step_no".
# Error: COMP96_0133: shift_register_tb.vhd : (111, 7): Cannot find object declaration.
# Error: COMP96_0104: shift_register_tb.vhd : (111, 7): Undefined type of expression.
# Error: COMP96_0098: shift_register_tb.vhd : (111, 7): Boolean type expected.
# Error: COMP96_0078: shift_register_tb.vhd : (115, 7): Unknown identifier "step_no".
# Error: COMP96_0133: shift_register_tb.vhd : (115, 7): Cannot find object declaration.
# Error: COMP96_0104: shift_register_tb.vhd : (115, 7): Undefined type of expression.
# Error: COMP96_0098: shift_register_tb.vhd : (115, 7): Boolean type expected.
# Error: COMP96_0078: shift_register_tb.vhd : (120, 7): Unknown identifier "step_no".
# Error: COMP96_0133: shift_register_tb.vhd : (120, 7): Cannot find object declaration.
# Error: COMP96_0104: shift_register_tb.vhd : (120, 7): Undefined type of expression.
# Error: COMP96_0098: shift_register_tb.vhd : (120, 7): Boolean type expected.
# Error: COMP96_0078: shift_register_tb.vhd : (124, 7): Unknown identifier "step_no".
# Error: COMP96_0133: shift_register_tb.vhd : (124, 7): Cannot find object declaration.
# Error: COMP96_0104: shift_register_tb.vhd : (124, 7): Undefined type of expression.
# Error: COMP96_0098: shift_register_tb.vhd : (124, 7): Boolean type expected.
# Error: COMP96_0078: shift_register_tb.vhd : (128, 7): Unknown identifier "step_no".
# Error: COMP96_0133: shift_register_tb.vhd : (128, 7): Cannot find object declaration.
# Error: COMP96_0104: shift_register_tb.vhd : (128, 7): Undefined type of expression.
# Error: COMP96_0098: shift_register_tb.vhd : (128, 7): Boolean type expected.
# Error: COMP96_0078: shift_register_tb.vhd : (133, 4): Unknown identifier "step_no".
# Error: COMP96_0133: shift_register_tb.vhd : (133, 4): Cannot find object declaration.
# Error: COMP96_0078: shift_register_tb.vhd : (133, 15): Unknown identifier "step_no".
# Compile Configuration "TESTBENCH_FOR_shift_register"
# Error: COMP96_0134: shift_register_tb.vhd : (140, 13): Cannot find component declaration.
# File: c:\Users\Cosmin\Projects\booth\booth_multiplication\src\testbench\shift_register_tb_tim_cfg.vhd
# Compile Configuration "TIMING_FOR_shift_register"
# Compile failure 60 Errors 2 Warnings  Analysis time :  0.4 [s]
acom -work booth_multiplication -2002  $DSN/src/porti.vhd $DSN/src/circuit_paritate.vhd $DSN/src/circuit_paritate_secvential.vhd $DSN/src/test.vhd $DSN/src/shift.vhd $DSN/src/shift_test.vhd $DSN/src/clk_gen.vhd $DSN/src/testbench/shift_register_tb.vhd $DSN/src/testbench/shift_register_tb_tim_cfg.vhd
# Compile...
# File: c:\Users\Cosmin\Projects\booth\booth_multiplication\src\porti.vhd
# Compile Entity "poarta_xor"
# Compile Architecture "behave" of Entity "poarta_xor"
# Compile Entity "inversor"
# Compile Architecture "behave" of Entity "inversor"
# File: c:\Users\Cosmin\Projects\booth\booth_multiplication\src\circuit_paritate.vhd
# Compile Entity "circ_paritate"
# Compile Architecture "struct" of Entity "circ_paritate"
# Warning: ELAB1_0026: circuit_paritate.vhd : (21, 0): There is no default binding for component "xor_gate".(No entity named "xor_gate" was found).
# Warning: ELAB1_0026: circuit_paritate.vhd : (24, 0): There is no default binding for component "inv_gate".(No entity named "inv_gate" was found).
# Compile Configuration "cfg_circ_paritate"
# Compile Architecture "comport_concurent1" of Entity "circ_paritate"
# Compile Architecture "comport_concurent2" of Entity "circ_paritate"
# File: c:\Users\Cosmin\Projects\booth\booth_multiplication\src\circuit_paritate_secvential.vhd
# Compile Architecture "comport_secvential" of Entity "circ_paritate"
# File: c:\Users\Cosmin\Projects\booth\booth_multiplication\src\test.vhd
# Compile Entity "test"
# Compile Architecture "test" of Entity "test"
# Compile Configuration "cfg_test"
# File: c:\Users\Cosmin\Projects\booth\booth_multiplication\src\shift.vhd
# Compile Entity "shift_register"
# Compile Architecture "schift_register_arch" of Entity "shift_register"
# File: c:\Users\Cosmin\Projects\booth\booth_multiplication\src\shift_test.vhd
# Compile Entity "shift_test"
# Compile Architecture "shift_test_arch" of Entity "shift_test"
# File: c:\Users\Cosmin\Projects\booth\booth_multiplication\src\clk_gen.vhd
# Compile Entity "clk_gen"
# Compile Architecture "behave_clk_gen" of Entity "clk_gen"
# File: c:\Users\Cosmin\Projects\booth\booth_multiplication\src\testbench\shift_register_tb.vhd
# Compile Entity "shift_register_tb"
# Compile Architecture "TB_ARCHITECTURE" of Entity "shift_register_tb"
# Compile Configuration "TESTBENCH_FOR_shift_register"
# File: c:\Users\Cosmin\Projects\booth\booth_multiplication\src\testbench\shift_register_tb_tim_cfg.vhd
# Compile Configuration "TIMING_FOR_shift_register"
# Compile success 0 Errors 2 Warnings  Analysis time :  0.5 [s]
restart
# ELBREAD: Elaboration process.
# ELBREAD: Elaboration time 0.0 [s].
# KERNEL: Main thread initiated.
# KERNEL: Kernel process initialization phase.
# KERNEL: Time resolution set to 1ps.
# ELAB2: Elaboration final pass...
# ELAB2: Create instances ...
# ELAB2: Create instances complete.
# ELAB2: Elaboration final pass complete - time: 0.0 [s].
# KERNEL: Kernel process initialization done.
# Allocation: Simulator allocated 1626 kB (elbread=1023 elab2=331 kernel=270 sdf=0)
# KERNEL: ASDB file was created in location c:\Users\Cosmin\Projects\booth\booth_multiplication\src\wave.asdb
#  04:41, 29 decembrie 2008
#  Simulation has been initialized
#  Selected Top-Level: shift_register_tb (tb_architecture)
run 50ns
# KERNEL: stopped at time: 50 ns
run 50ns
# KERNEL: stopped at time: 100 ns
# 17 signal(s) traced.
run 50ns
# KERNEL: stopped at time: 150 ns
restart
# ELBREAD: Elaboration process.
# ELBREAD: Elaboration time 0.0 [s].
# KERNEL: Main thread initiated.
# KERNEL: Kernel process initialization phase.
# KERNEL: Time resolution set to 1ps.
# ELAB2: Elaboration final pass...
# ELAB2: Create instances ...
# ELAB2: Create instances complete.
# ELAB2: Elaboration final pass complete - time: 0.0 [s].
# KERNEL: Kernel process initialization done.
# Allocation: Simulator allocated 1626 kB (elbread=1023 elab2=331 kernel=270 sdf=0)
# KERNEL: ASDB file was created in location c:\Users\Cosmin\Projects\booth\booth_multiplication\src\wave.asdb
#  04:42, 29 decembrie 2008
#  Simulation has been initialized
#  Selected Top-Level: shift_register_tb (tb_architecture)
run 50ns
# KERNEL: stopped at time: 50 ns
run 50ns
# KERNEL: stopped at time: 100 ns
run
# KERNEL: stopped at time: 10 us
# Evaluation Version : 10us simulation time has been reached.  Contact Aldec for ordering information - sales@aldec.com
SetActiveLib -work
comp -include "$DSN\src\shift.vhd" 
# Compile...
# File: c:\Users\Cosmin\Projects\booth\booth_multiplication\src\shift.vhd
# Compile Entity "shift_register"
# Compile Architecture "schift_register_arch" of Entity "shift_register"
# Compile success 0 Errors 0 Warnings  Analysis time :  78.0 [ms]
comp -include "$DSN\src\TestBench\shift_register_TB.vhd" 
# Compile...
# File: c:\Users\Cosmin\Projects\booth\booth_multiplication\src\TestBench\shift_register_TB.vhd
# Compile Entity "shift_register_tb"
# Compile Architecture "TB_ARCHITECTURE" of Entity "shift_register_tb"
# Compile Configuration "TESTBENCH_FOR_shift_register"
# Compile success 0 Errors 0 Warnings  Analysis time :  63.0 [ms]
asim TESTBENCH_FOR_shift_register 
#  Simulation has been stopped
# ELBREAD: Elaboration process.
# ELBREAD: Elaboration time 0.0 [s].
# asim: Stack memory: 32MB
# asim: Retval memory: 32MB
# KERNEL: Main thread initiated.
# KERNEL: Kernel process initialization phase.
# KERNEL: Time resolution set to 1ps.
# ELAB2: Elaboration final pass...
# ELAB2: Create instances ...
# ELAB2: Create instances complete.
# ELAB2: Elaboration final pass complete - time: 0.0 [s].
# KERNEL: Kernel process initialization done.
# Allocation: Simulator allocated 1626 kB (elbread=1023 elab2=331 kernel=270 sdf=0)
# KERNEL: ASDB file was created in location c:\Users\Cosmin\Projects\booth\booth_multiplication\src\wave.asdb
#  04:43, 29 decembrie 2008
#  Simulation has been initialized
#  Selected Top-Level: testbench_for_shift_register
wave 
wave -noreg p_in
wave -noreg p_out
wave -noreg reset
wave -noreg clock
wave -noreg shift
wave -noreg load
wave -noreg s_in
# # The following lines can be used for timing simulation
# # acom <backannotated_vhdl_file_name>
# # comp -include "$DSN\src\TestBench\shift_register_TB_tim_cfg.vhd" 
# # asim TIMING_FOR_shift_register 
# 7 signal(s) traced.
restart
# ELBREAD: Elaboration process.
# ELBREAD: Elaboration time 0.0 [s].
# KERNEL: Main thread initiated.
# KERNEL: Kernel process initialization phase.
# KERNEL: Time resolution set to 1ps.
# ELAB2: Elaboration final pass...
# ELAB2: Create instances ...
# ELAB2: Create instances complete.
# ELAB2: Elaboration final pass complete - time: 0.0 [s].
# KERNEL: Kernel process initialization done.
# Allocation: Simulator allocated 1626 kB (elbread=1023 elab2=331 kernel=270 sdf=0)
# KERNEL: ASDB file was created in location c:\Users\Cosmin\Projects\booth\booth_multiplication\src\wave.asdb
#  04:44, 29 decembrie 2008
#  Simulation has been initialized
#  Selected Top-Level: testbench_for_shift_register
run 50ns
# KERNEL: stopped at time: 50 ns
acom -work booth_multiplication -2002  $DSN/src/porti.vhd $DSN/src/circuit_paritate.vhd $DSN/src/circuit_paritate_secvential.vhd $DSN/src/test.vhd $DSN/src/shift.vhd $DSN/src/shift_test.vhd $DSN/src/clk_gen.vhd $DSN/src/testbench/shift_register_tb.vhd $DSN/src/testbench/shift_register_tb_tim_cfg.vhd
# Compile...
# File: c:\Users\Cosmin\Projects\booth\booth_multiplication\src\porti.vhd
# Compile Entity "poarta_xor"
# Compile Architecture "behave" of Entity "poarta_xor"
# Compile Entity "inversor"
# Compile Architecture "behave" of Entity "inversor"
# File: c:\Users\Cosmin\Projects\booth\booth_multiplication\src\circuit_paritate.vhd
# Compile Entity "circ_paritate"
# Compile Architecture "struct" of Entity "circ_paritate"
# Warning: ELAB1_0026: circuit_paritate.vhd : (21, 0): There is no default binding for component "xor_gate".(No entity named "xor_gate" was found).
# Warning: ELAB1_0026: circuit_paritate.vhd : (24, 0): There is no default binding for component "inv_gate".(No entity named "inv_gate" was found).
# Compile Configuration "cfg_circ_paritate"
# Compile Architecture "comport_concurent1" of Entity "circ_paritate"
# Compile Architecture "comport_concurent2" of Entity "circ_paritate"
# File: c:\Users\Cosmin\Projects\booth\booth_multiplication\src\circuit_paritate_secvential.vhd
# Compile Architecture "comport_secvential" of Entity "circ_paritate"
# File: c:\Users\Cosmin\Projects\booth\booth_multiplication\src\test.vhd
# Compile Entity "test"
# Compile Architecture "test" of Entity "test"
# Compile Configuration "cfg_test"
# File: c:\Users\Cosmin\Projects\booth\booth_multiplication\src\shift.vhd
# Compile Entity "shift_register"
# Compile Architecture "schift_register_arch" of Entity "shift_register"
# File: c:\Users\Cosmin\Projects\booth\booth_multiplication\src\shift_test.vhd
# Compile Entity "shift_test"
# Compile Architecture "shift_test_arch" of Entity "shift_test"
# File: c:\Users\Cosmin\Projects\booth\booth_multiplication\src\clk_gen.vhd
# Compile Entity "clk_gen"
# Compile Architecture "behave_clk_gen" of Entity "clk_gen"
# File: c:\Users\Cosmin\Projects\booth\booth_multiplication\src\testbench\shift_register_tb.vhd
# Compile Entity "shift_register_tb"
# Compile Architecture "TB_ARCHITECTURE" of Entity "shift_register_tb"
# Compile Configuration "TESTBENCH_FOR_shift_register"
# File: c:\Users\Cosmin\Projects\booth\booth_multiplication\src\testbench\shift_register_tb_tim_cfg.vhd
# Compile Configuration "TIMING_FOR_shift_register"
# Compile success 0 Errors 2 Warnings  Analysis time :  0.5 [s]
SetActiveLib -work
comp -include "$DSN\src\shift.vhd" 
# Compile...
# File: c:\Users\Cosmin\Projects\booth\booth_multiplication\src\shift.vhd
# Compile Entity "shift_register"
# Compile Architecture "schift_register_arch" of Entity "shift_register"
# Compile success 0 Errors 0 Warnings  Analysis time :  62.0 [ms]
comp -include "$DSN\src\TestBench\shift_register_TB.vhd" 
# Compile...
# File: c:\Users\Cosmin\Projects\booth\booth_multiplication\src\TestBench\shift_register_TB.vhd
# Compile Entity "shift_register_tb"
# Compile Architecture "TB_ARCHITECTURE" of Entity "shift_register_tb"
# Compile Configuration "TESTBENCH_FOR_shift_register"
# Compile success 0 Errors 0 Warnings  Analysis time :  63.0 [ms]
asim TESTBENCH_FOR_shift_register 
#  Simulation has been stopped
# ELBREAD: Elaboration process.
# ELBREAD: Elaboration time 0.0 [s].
# asim: Stack memory: 32MB
# asim: Retval memory: 32MB
# KERNEL: Main thread initiated.
# KERNEL: Kernel process initialization phase.
# KERNEL: Time resolution set to 1ps.
# ELAB2: Elaboration final pass...
# ELAB2: Create instances ...
# ELAB2: Create instances complete.
# ELAB2: Elaboration final pass complete - time: 0.0 [s].
# KERNEL: Kernel process initialization done.
# Allocation: Simulator allocated 1626 kB (elbread=1023 elab2=331 kernel=270 sdf=0)
# KERNEL: ASDB file was created in location c:\Users\Cosmin\Projects\booth\booth_multiplication\src\wave.asdb
#  04:44, 29 decembrie 2008
#  Simulation has been initialized
#  Selected Top-Level: testbench_for_shift_register
wave 
wave -noreg p_in
wave -noreg p_out
wave -noreg reset
wave -noreg clock
wave -noreg shift
wave -noreg load
wave -noreg s_in
# # The following lines can be used for timing simulation
# # acom <backannotated_vhdl_file_name>
# # comp -include "$DSN\src\TestBench\shift_register_TB_tim_cfg.vhd" 
# # asim TIMING_FOR_shift_register 
# 7 signal(s) traced.
acom -work booth_multiplication -2002  $DSN/src/shift_register.vhd $DSN/src/clk_gen.vhd $DSN/src/testbench/shift_register_tb.vhd $DSN/src/testbench/shift_register_tb_tim_cfg.vhd
# Compile...
# File: c:\Users\Cosmin\Projects\booth\booth_multiplication\src\shift_register.vhd
# Compile Entity "shift_register"
# Compile Architecture "schift_register_arch" of Entity "shift_register"
# File: c:\Users\Cosmin\Projects\booth\booth_multiplication\src\clk_gen.vhd
# Compile Entity "clk_gen"
# Compile Architecture "behave_clk_gen" of Entity "clk_gen"
# File: c:\Users\Cosmin\Projects\booth\booth_multiplication\src\testbench\shift_register_tb.vhd
# Compile Entity "shift_register_tb"
# Compile Architecture "TB_ARCHITECTURE" of Entity "shift_register_tb"
# Compile Configuration "TESTBENCH_FOR_shift_register"
# File: c:\Users\Cosmin\Projects\booth\booth_multiplication\src\testbench\shift_register_tb_tim_cfg.vhd
# Compile Configuration "TIMING_FOR_shift_register"
# Compile success 0 Errors 0 Warnings  Analysis time :  0.2 [s]
SetActiveLib -work
comp -include "$DSN\src\shift.vhd" 
# Compile...
# File: c:\Users\Cosmin\Projects\booth\booth_multiplication\src\shift.vhd
# Error: COMP96_0001: Cannot find source file c:\Users\Cosmin\Projects\booth\booth_multiplication\src\shift.vhd.
# Compile failure 1 Errors 0 Warnings  Analysis time :  0.0 [ms]
# Error: DO_001 in file c:\Users\Cosmin\Projects\booth\booth_multiplication\src\TestBench\shift_register_TB_runtest.do line 2
# Error: Cannot run c:\Users\Cosmin\Projects\booth\booth_multiplication\src\TestBench\shift_register_TB_runtest.do
acom -work booth_multiplication -2002  $DSN/src/shift_register.vhd $DSN/src/clk_gen.vhd $DSN/src/testbench/shift_register_tb.vhd $DSN/src/testbench/shift_register_tb_tim_cfg.vhd
# Compile...
# File: c:\Users\Cosmin\Projects\booth\booth_multiplication\src\shift_register.vhd
# Compile Entity "shift_register"
# Compile Architecture "schift_register_arch" of Entity "shift_register"
# File: c:\Users\Cosmin\Projects\booth\booth_multiplication\src\clk_gen.vhd
# Compile Entity "clk_gen"
# Compile Architecture "behave_clk_gen" of Entity "clk_gen"
# File: c:\Users\Cosmin\Projects\booth\booth_multiplication\src\testbench\shift_register_tb.vhd
# Compile Entity "shift_register_tb"
# Compile Architecture "TB_ARCHITECTURE" of Entity "shift_register_tb"
# Compile Configuration "TESTBENCH_FOR_shift_register"
# File: c:\Users\Cosmin\Projects\booth\booth_multiplication\src\testbench\shift_register_tb_tim_cfg.vhd
# Compile Configuration "TIMING_FOR_shift_register"
# Compile success 0 Errors 0 Warnings  Analysis time :  0.2 [s]
SetActiveLib -work
comp -include "$DSN\src\shift_register.vhd" 
# Compile...
# File: c:\Users\Cosmin\Projects\booth\booth_multiplication\src\shift_register.vhd
# Compile Entity "shift_register"
# Compile Architecture "schift_register_arch" of Entity "shift_register"
# Compile success 0 Errors 0 Warnings  Analysis time :  62.0 [ms]
comp -include "$DSN\src\TestBench\shift_register_TB.vhd" 
# Compile...
# File: c:\Users\Cosmin\Projects\booth\booth_multiplication\src\TestBench\shift_register_TB.vhd
# Compile Entity "shift_register_tb"
# Compile Architecture "TB_ARCHITECTURE" of Entity "shift_register_tb"
# Compile Configuration "TESTBENCH_FOR_shift_register"
# Compile success 0 Errors 0 Warnings  Analysis time :  78.0 [ms]
asim TESTBENCH_FOR_shift_register 
#  Simulation has been stopped
# ELBREAD: Elaboration process.
# ELBREAD: Elaboration time 0.0 [s].
# asim: Stack memory: 32MB
# asim: Retval memory: 32MB
# KERNEL: Main thread initiated.
# KERNEL: Kernel process initialization phase.
# KERNEL: Time resolution set to 1ps.
# ELAB2: Elaboration final pass...
# ELAB2: Create instances ...
# ELAB2: Create instances complete.
# ELAB2: Elaboration final pass complete - time: 0.0 [s].
# KERNEL: Kernel process initialization done.
# Allocation: Simulator allocated 1626 kB (elbread=1023 elab2=331 kernel=270 sdf=0)
# KERNEL: ASDB file was created in location c:\Users\Cosmin\Projects\booth\booth_multiplication\src\wave.asdb
#  04:52, 29 decembrie 2008
#  Simulation has been initialized
#  Selected Top-Level: testbench_for_shift_register
wave 
wave -noreg p_in
wave -noreg p_out
wave -noreg reset
wave -noreg clock
wave -noreg shift
wave -noreg load
wave -noreg s_in
# # The following lines can be used for timing simulation
# # acom <backannotated_vhdl_file_name>
# # comp -include "$DSN\src\TestBench\shift_register_TB_tim_cfg.vhd" 
# # asim TIMING_FOR_shift_register 
# 7 signal(s) traced.
run
# KERNEL: stopped at time: 10 us
# Evaluation Version : 10us simulation time has been reached.  Contact Aldec for ordering information - sales@aldec.com
restart
# ELBREAD: Elaboration process.
# ELBREAD: Elaboration time 0.0 [s].
# KERNEL: Main thread initiated.
# KERNEL: Kernel process initialization phase.
# KERNEL: Time resolution set to 1ps.
# ELAB2: Elaboration final pass...
# ELAB2: Create instances ...
# ELAB2: Create instances complete.
# ELAB2: Elaboration final pass complete - time: 0.0 [s].
# KERNEL: Kernel process initialization done.
# Allocation: Simulator allocated 1626 kB (elbread=1023 elab2=331 kernel=270 sdf=0)
# KERNEL: ASDB file was created in location c:\Users\Cosmin\Projects\booth\booth_multiplication\src\wave.asdb
#  04:52, 29 decembrie 2008
#  Simulation has been initialized
#  Selected Top-Level: testbench_for_shift_register
run
# KERNEL: stopped at time: 10 us
# Evaluation Version : 10us simulation time has been reached.  Contact Aldec for ordering information - sales@aldec.com
run
# Evaluation Version : 10us simulation time has been reached.  Contact Aldec for ordering information - sales@aldec.com
run
# Evaluation Version : 10us simulation time has been reached.  Contact Aldec for ordering information - sales@aldec.com
endsim
#  Simulation has been stopped
